[debug] [2021-06-15T18:32:18.969Z] ----------------------------------------------------------------------
[debug] [2021-06-15T18:32:18.971Z] Command:       C:\Program Files\nodejs\node.exe C:\Users\mjoel\AppData\Roaming\npm\node_modules\firebase-tools\lib\bin\firebase.js init
[debug] [2021-06-15T18:32:18.971Z] CLI Version:   9.12.1
[debug] [2021-06-15T18:32:18.971Z] Platform:      win32
[debug] [2021-06-15T18:32:18.971Z] Node Version:  v14.15.4
[debug] [2021-06-15T18:32:18.972Z] Time:          Tue Jun 15 2021 13:32:18 GMT-0500 (Central Daylight Time)
[debug] [2021-06-15T18:32:18.972Z] ----------------------------------------------------------------------
[debug] 
[debug] [2021-06-15T18:32:18.982Z] > command requires scopes: ["email","openid","https://www.googleapis.com/auth/cloudplatformprojects.readonly","https://www.googleapis.com/auth/firebase","https://www.googleapis.com/auth/cloud-platform"]
[debug] [2021-06-15T18:32:18.982Z] > authorizing via signed-in user (mjoelbreen@gmail.com)
[info] 
     ######## #### ########  ######## ########     ###     ######  ########
     ##        ##  ##     ## ##       ##     ##  ##   ##  ##       ##
     ######    ##  ########  ######   ########  #########  ######  ######
     ##        ##  ##    ##  ##       ##     ## ##     ##       ## ##
     ##       #### ##     ## ######## ########  ##     ##  ######  ########

You're about to initialize a Firebase project in this directory:

  C:\Users\mjoel\parallaxvisions.com

[info] 
=== Project Setup
[info] 
[info] First, let's associate this project directory with a Firebase project.
[info] You can create multiple project aliases by running firebase use --add, 
[info] but for now we'll just set up a default project.
[info] 
[debug] [2021-06-15T18:32:28.336Z] > refreshing access token with scopes: []
[debug] [2021-06-15T18:32:28.336Z] >>> HTTP REQUEST POST https://www.googleapis.com/oauth2/v3/token  
 <request body omitted>
[debug] [2021-06-15T18:32:28.480Z] <<< HTTP RESPONSE 200 {"date":"Tue, 15 Jun 2021 18:32:27 GMT","pragma":"no-cache","cache-control":"no-cache, no-store, max-age=0, must-revalidate","expires":"Mon, 01 Jan 1990 00:00:00 GMT","content-type":"application/json; charset=utf-8","vary":"X-Origin, Referer, Origin,Accept-Encoding","server":"scaffolding on HTTPServer2","x-xss-protection":"0","x-frame-options":"SAMEORIGIN","x-content-type-options":"nosniff","alt-svc":"h3=\":443\"; ma=2592000,h3-29=\":443\"; ma=2592000,h3-T051=\":443\"; ma=2592000,h3-Q050=\":443\"; ma=2592000,h3-Q046=\":443\"; ma=2592000,h3-Q043=\":443\"; ma=2592000,quic=\":443\"; ma=2592000; v=\"46,43\"","accept-ranges":"none","transfer-encoding":"chunked"}
[debug] [2021-06-15T18:32:28.492Z] >>> [apiv2][query] GET https://firebase.googleapis.com/v1beta1/projects pageSize=100
[debug] [2021-06-15T18:32:28.727Z] <<< [apiv2][status] GET https://firebase.googleapis.com/v1beta1/projects 200
[debug] [2021-06-15T18:32:28.728Z] <<< [apiv2][body] GET https://firebase.googleapis.com/v1beta1/projects [omitted]
[info] i  Using project parallax-website-18e78 (parallax-website) 
[info] 
=== Hosting Setup
[info] 
[info] Your public directory is the folder (relative to your project directory) that
[info] will contain Hosting assets to be uploaded with firebase deploy. If you
[info] have a build process for your assets, use your build's output directory.
[info] 
[debug] [2021-06-15T18:32:44.548Z] >>> [apiv2][query] GET https://www.gstatic.com/firebasejs/releases.json [none]
[debug] [2021-06-15T18:32:44.664Z] <<< [apiv2][status] GET https://www.gstatic.com/firebasejs/releases.json 200
[debug] [2021-06-15T18:32:44.664Z] <<< [apiv2][body] GET https://www.gstatic.com/firebasejs/releases.json {"current":{"version":"8.6.7","browserURL":"https://www.gstatic.com/firebasejs/8.6.7/firebase.js","packageURL":"https://www.gstatic.com/firebasejs/8.6.7/firebase.tgz"},"live":{"version":"8.6","browserURL":"https://www.gstatic.com/firebasejs/live/8.6/firebase.js","packageURL":"https://www.gstatic.com/firebasejs/live/8.6/firebase.tgz"},"components":{"analytics":"https://www.gstatic.com/firebasejs/8.6.7/firebase-analytics.js","app":"https://www.gstatic.com/firebasejs/8.6.7/firebase-app.js","app-check":"https://www.gstatic.com/firebasejs/8.6.7/firebase-app-check.js","auth":"https://www.gstatic.com/firebasejs/8.6.7/firebase-auth.js","database":"https://www.gstatic.com/firebasejs/8.6.7/firebase-database.js","firestore":"https://www.gstatic.com/firebasejs/8.6.7/firebase-firestore.js","functions":"https://www.gstatic.com/firebasejs/8.6.7/firebase-functions.js","installations":"https://www.gstatic.com/firebasejs/8.6.7/firebase-installations.js","messaging":"https://www.gstatic.com/firebasejs/8.6.7/firebase-messaging.js","storage":"https://www.gstatic.com/firebasejs/8.6.7/firebase-storage.js","performance":"https://www.gstatic.com/firebasejs/8.6.7/firebase-performance.js","remote-config":"https://www.gstatic.com/firebasejs/8.6.7/firebase-remote-config.js","firestore.memory":"https://www.gstatic.com/firebasejs/8.6.7/firebase-firestore.memory.js"}}
[info] +  Wrote public/index.html 
[info] 
[info] i  Detected a .git folder at C:\Users\mjoel\parallaxvisions.com 
[info] i  Authorizing with GitHub to upload your service account to a GitHub repository's secrets store. 
[info] 
[info] Visit this URL on this device to log in:
[info] https://github.com/login/oauth/authorize?client_id=89cf50f02ac6aaed3484&state=742202296&redirect_uri=http%3A%2F%2Flocalhost%3A9005&scope=read%3Auser%20repo%20public_repo
[info] 
[info] Waiting for authentication...
[debug] [2021-06-15T18:33:04.555Z] >>> HTTP REQUEST POST https://github.com/login/oauth/access_token  
 {"client_id":"89cf50f02ac6aaed3484","client_secret":"3330d14abc895d9a74d5f17cd7a00711fa2c5bf0","code":"9bbdb6d42908828b1c98","redirect_uri":"http://localhost:9005","state":"742202296"}
[debug] [2021-06-15T18:33:04.880Z] <<< HTTP RESPONSE 200 {"server":"GitHub.com","date":"Tue, 15 Jun 2021 18:33:04 GMT","content-type":"application/json; charset=utf-8","transfer-encoding":"chunked","vary":"X-PJAX, Accept-Encoding, Accept, X-Requested-With","permissions-policy":"interest-cohort=()","etag":"W/\"256f91f7688127da7bce15b2cb046b57\"","cache-control":"max-age=0, private, must-revalidate","strict-transport-security":"max-age=31536000; includeSubdomains; preload","x-frame-options":"deny","x-content-type-options":"nosniff","x-xss-protection":"0","referrer-policy":"origin-when-cross-origin, strict-origin-when-cross-origin","expect-ct":"max-age=2592000, report-uri=\"https://api.github.com/_private/browser/errors\"","content-security-policy":"default-src 'none'; base-uri 'self'; block-all-mixed-content; connect-src 'self' uploads.github.com www.githubstatus.com collector.githubapp.com api.github.com github-cloud.s3.amazonaws.com github-production-repository-file-5c1aeb.s3.amazonaws.com github-production-upload-manifest-file-7fdce7.s3.amazonaws.com github-production-user-asset-6210df.s3.amazonaws.com html-translator.herokuapp.com cdn.optimizely.com logx.optimizely.com/v1/events wss://alive.github.com; font-src github.githubassets.com; form-action 'self' github.com gist.github.com; frame-ancestors 'none'; frame-src render.githubusercontent.com; img-src 'self' data: github.githubassets.com identicons.github.com collector.githubapp.com github-cloud.s3.amazonaws.com secured-user-images.githubusercontent.com/ *.githubusercontent.com; manifest-src 'self'; media-src 'none'; script-src github.githubassets.com; style-src 'unsafe-inline' github.githubassets.com; worker-src github.com/socket-worker-3f088aa2.js gist.github.com/socket-worker-3f088aa2.js","x-github-request-id":"67C1:481F:103A2A:16BAE2:60C8F25F"}
[debug] [2021-06-15T18:33:04.883Z] >>> [apiv2][query] GET https://api.github.com/user [none]
[debug] [2021-06-15T18:33:05.193Z] <<< [apiv2][status] GET https://api.github.com/user 200
[debug] [2021-06-15T18:33:05.193Z] <<< [apiv2][body] GET https://api.github.com/user {"login":"mjoelbreen","id":49926912,"node_id":"MDQ6VXNlcjQ5OTI2OTEy","avatar_url":"https://avatars.githubusercontent.com/u/49926912?v=4","gravatar_id":"","url":"https://api.github.com/users/mjoelbreen","html_url":"https://github.com/mjoelbreen","followers_url":"https://api.github.com/users/mjoelbreen/followers","following_url":"https://api.github.com/users/mjoelbreen/following{/other_user}","gists_url":"https://api.github.com/users/mjoelbreen/gists{/gist_id}","starred_url":"https://api.github.com/users/mjoelbreen/starred{/owner}{/repo}","subscriptions_url":"https://api.github.com/users/mjoelbreen/subscriptions","organizations_url":"https://api.github.com/users/mjoelbreen/orgs","repos_url":"https://api.github.com/users/mjoelbreen/repos","events_url":"https://api.github.com/users/mjoelbreen/events{/privacy}","received_events_url":"https://api.github.com/users/mjoelbreen/received_events","type":"User","site_admin":false,"name":"Martin Breen","company":null,"blog":"github.com/mjoelbreen","location":"New Orleans","email":"mjoelbreen@gmail.com","hireable":true,"bio":"I'm an independent software developer based in New Orleans.","twitter_username":null,"public_repos":11,"public_gists":0,"followers":0,"following":1,"created_at":"2019-04-23T23:37:55Z","updated_at":"2021-06-15T18:33:03Z","private_gists":0,"total_private_repos":4,"owned_private_repos":4,"disk_usage":6430,"collaborators":0,"two_factor_authentication":false,"plan":{"name":"free","space":976562499,"collaborators":0,"private_repos":10000}}
[info] 
[info] +  Success! Logged into GitHub as mjoelbreen 
[info] 
[debug] [2021-06-15T18:33:16.021Z] >>> [apiv2][query] GET https://api.github.com/repos/parallax-visions/parallaxvisions.com/actions/secrets/public-key type=owner
[debug] [2021-06-15T18:33:16.241Z] <<< [apiv2][status] GET https://api.github.com/repos/parallax-visions/parallaxvisions.com/actions/secrets/public-key 404
[debug] [2021-06-15T18:33:16.241Z] <<< [apiv2][body] GET https://api.github.com/repos/parallax-visions/parallaxvisions.com/actions/secrets/public-key {"message":"Not Found","documentation_url":"https://docs.github.com/rest/reference/actions#get-a-repository-public-key"}
[debug] [2021-06-15T18:33:40.823Z] >>> [apiv2][query] GET https://api.github.com/repos/parallax-visions/parallaxvisions.com/actions/secrets/public-key type=owner
[debug] [2021-06-15T18:33:41.048Z] <<< [apiv2][status] GET https://api.github.com/repos/parallax-visions/parallaxvisions.com/actions/secrets/public-key 404
[debug] [2021-06-15T18:33:41.048Z] <<< [apiv2][body] GET https://api.github.com/repos/parallax-visions/parallaxvisions.com/actions/secrets/public-key {"message":"Not Found","documentation_url":"https://docs.github.com/rest/reference/actions#get-a-repository-public-key"}
